<?xml version="1.0" encoding="UTF-8" ?>
<testsuite errors="0" failures="0" hostname="localhost.localdomain" name="UITestCases.test.Checktext" skipped="0" tests="1" time="14.881" timestamp="2018-08-17T15:58:13">
  <properties>
[...]
</properties>
  <testcase classname="UITestCases.test.Checktext" name="test" time="11.8" />
  <system-out><![CDATA[15:58:13.804 [main] framework.global.Configuration.init(Configuration.java:56)evel Configuration Initializing...
15:58:13.841 [main] framework.global.Configuration.parseXML(Configuration.java:720)evel Reading server and Hardware info...
15:58:13.843 [main] framework.global.Configuration.parseXML(Configuration.java:750)evel ServerConfig.xml is parsed successfully.
15:58:13.844 [main] framework.global.Configuration.getlibrarydata(Configuration.java:833)evel Set SrvConfig successfully.
15:58:14.016 [main] framework.global.Configuration.init(Configuration.java:56)evel Configuration Initializing...
15:58:14.029 [main] framework.global.Configuration.parseXML(Configuration.java:720)evel Reading server and Hardware info...
15:58:14.029 [main] framework.global.Configuration.parseXML(Configuration.java:750)evel ServerConfig.xml is parsed successfully.
15:58:14.030 [main] framework.global.Configuration.getlibrarydata(Configuration.java:833)evel Set SrvConfig successfully.
15:58:14.031 [main] UITestCases.test.Checktext.setUpBeforeClass(Checktext.java:36)evel Checktext:
15:58:17.101 [main] UITestCases.test.Checktext.test(Checktext.java:54)evel Open the Oracle Microservice Development Toolkit application page:
15:58:20.653 [main] UITestCases.test.Checktext.test(Checktext.java:58)evel text: Hello from Oracle Microservice Development Toolkit!
Hello from Oracle Microservice Development Toolkit!15:58:28.771 [main] UITestCases.test.Checktext.test(Checktext.java:72)evel assert: true
]]></system-out>
  <system-err><![CDATA[Starting ChromeDriver 2.40.565383 (76257d1ab79276b2d53ee976b2c3e3b9f335cde7) on port 28958
Only local connections are allowed.
Aug 17, 2018 3:58:13 PM org.openqa.selenium.remote.ProtocolHandshake createSession
INFO: Detected dialect: OSS
]]></system-err>
</testsuite>
