<?xml version="1.0" encoding="UTF-8" ?>
<testsuite errors="1" failures="0" hostname="BEIWAN-CN" name="UITestCases.test.Checktext" skipped="0" tests="1" time="0.0" timestamp="2018-08-20T13:04:52">
  <properties>
[...]
</properties>
  <error type="java.lang.ExceptionInInitializerError">java.lang.ExceptionInInitializerError
	at java.lang.Class.forName0(Native Method)
	at java.lang.Class.forName(Class.java:264)
Caused by: java.lang.IllegalStateException: The driver executable does not exist: D:\usr\local\bin\chromedriver
	at com.google.common.base.Preconditions.checkState(Preconditions.java:518)
	at org.openqa.selenium.remote.service.DriverService.checkExecutable(DriverService.java:123)
	at org.openqa.selenium.remote.service.DriverService.findExecutable(DriverService.java:118)
	at org.openqa.selenium.chrome.ChromeDriverService.access$000(ChromeDriverService.java:32)
	at org.openqa.selenium.chrome.ChromeDriverService$Builder.findDefaultExecutable(ChromeDriverService.java:137)
	at org.openqa.selenium.remote.service.DriverService$Builder.build(DriverService.java:302)
	at org.openqa.selenium.chrome.ChromeDriverService.createDefaultService(ChromeDriverService.java:88)
	at org.openqa.selenium.chrome.ChromeDriver.&lt;init&gt;(ChromeDriver.java:156)
	at framework.objects.CommonVariables.chromeConfigurator(CommonVariables.java:139)
	at framework.objects.CommonVariables.&lt;clinit&gt;(CommonVariables.java:47)
</error>
  <system-out><![CDATA[]]></system-out>
  <system-err><![CDATA[]]></system-err>
</testsuite>
