<?xml version="1.0" encoding="UTF-8" ?>
<testsuite errors="0" failures="1" hostname="localhost.localdomain" name="UITestCases.admin.AddApplicationandFlow" skipped="0" tests="1" time="49.568" timestamp="2018-08-16T09:07:48">
  <properties>
[...]
</properties>
  <testcase classname="UITestCases.admin.AddApplicationandFlow" name="test" time="44.508">
    <failure type="junit.framework.AssertionFailedError">junit.framework.AssertionFailedError
	at framework.sharedFunctions.Finish.fail(Finish.java:30)
	at UITestCases.BaseTestCase.fail(BaseTestCase.java:125)
	at UITestCases.admin.AddApplicationandFlow.test(AddApplicationandFlow.java:552)
</failure>
  </testcase>
  <system-out><![CDATA[09:07:48.617 [main] framework.global.Configuration.init(Configuration.java:56)evel Configuration Initializing...
09:07:48.639 [main] framework.global.Configuration.parseXML(Configuration.java:720)evel Reading server and Hardware info...
09:07:48.644 [main] framework.global.Configuration.parseXML(Configuration.java:750)evel ServerConfig.xml is parsed successfully.
09:07:48.645 [main] framework.global.Configuration.getlibrarydata(Configuration.java:833)evel Set SrvConfig successfully.
09:07:48.776 [main] framework.global.Configuration.init(Configuration.java:56)evel Configuration Initializing...
09:07:48.787 [main] framework.global.Configuration.parseXML(Configuration.java:720)evel Reading server and Hardware info...
09:07:48.789 [main] framework.global.Configuration.parseXML(Configuration.java:750)evel ServerConfig.xml is parsed successfully.
09:07:48.790 [main] framework.global.Configuration.getlibrarydata(Configuration.java:833)evel Set SrvConfig successfully.
09:07:48.792 [main] UITestCases.admin.AddApplicationandFlow.setUpBeforeClass(AddApplicationandFlow.java:43)evel use wercker to create application:
09:07:53.820 [main] UITestCases.admin.AddApplicationandFlow.test(AddApplicationandFlow.java:69)evel read file:
09:07:53.821 [main] UITestCases.admin.AddApplicationandFlow.test(AddApplicationandFlow.java:73)evel open wercher:
09:07:57.866 [main] UITestCases.admin.AddApplicationandFlow.test(AddApplicationandFlow.java:93)evel input the wercher username from file:
09:07:58.020 [main] UITestCases.admin.AddApplicationandFlow.test(AddApplicationandFlow.java:96)evel input the wercher password from file:
09:07:58.171 [main] UITestCases.admin.AddApplicationandFlow.test(AddApplicationandFlow.java:99)evel click the login wercher button:
09:08:08.322 [main] UITestCases.admin.AddApplicationandFlow.test(AddApplicationandFlow.java:114)evel if the authorize button display click it:
09:08:16.344 [main] UITestCases.admin.AddApplicationandFlow.test(AddApplicationandFlow.java:120)evel click the plus to create application:
09:08:16.470 [main] UITestCases.admin.AddApplicationandFlow.test(AddApplicationandFlow.java:122)evel dropdown list choose create application:
09:08:29.577 [main] UITestCases.admin.AddApplicationandFlow.test(AddApplicationandFlow.java:127)evel click select scm GitHub :
09:08:32.757 [main] UITestCases.admin.AddApplicationandFlow.test(AddApplicationandFlow.java:133)evel click select scm GitHub page next button:
09:08:37.853 [main] UITestCases.admin.AddApplicationandFlow.test(AddApplicationandFlow.java:136)evel select repository:
09:08:38.200 [main] exception.UnExpectedException.<init>(UnExpectedException.java:19)evel Errors on verification.
09:08:38.202 [main] exception.UnExpectedException.<init>(UnExpectedException.java:20)evel 20180816-090838_UITestCases.admin.AddApplicationandFlow.png
09:08:38.208 [main] exception.UnExpectedException.<init>(UnExpectedException.java:21)evel no such element: Unable to locate element: {"method":"xpath","selector":".//*[@id='page']/div/div/div/div/div/div[2]/div[2]/div/div[2]/div[2]/div/div/div[2]/div[1]/div/div/div/div/div/div[1]/span/strong"}
  (Session info: headless chrome=68.0.3440.106)
  (Driver info: chromedriver=2.40.565383 (76257d1ab79276b2d53ee976b2c3e3b9f335cde7),platform=Linux 4.1.12-124.14.1.el7uek.x86_64 x86_64) (WARNING: The server did not provide any stacktrace information)
Command duration or timeout: 35 milliseconds
For documentation on this error, please visit: http://seleniumhq.org/exceptions/no_such_element.html
Build info: version: '3.3.1', revision: '5234b32', time: '2017-03-10 09:04:52 -0800'
System info: host: 'localhost.localdomain', ip: '127.0.0.1', os.name: 'Linux', os.arch: 'amd64', os.version: '4.1.12-124.14.1.el7uek.x86_64', java.version: '1.8.0_181'
Driver info: org.openqa.selenium.chrome.ChromeDriver
Capabilities [{applicationCacheEnabled=false, rotatable=false, mobileEmulationEnabled=false, networkConnectionEnabled=false, chrome={chromedriverVersion=2.40.565383 (76257d1ab79276b2d53ee976b2c3e3b9f335cde7), userDataDir=/tmp/.org.chromium.Chromium.zZALCC}, takesHeapSnapshot=true, pageLoadStrategy=normal, databaseEnabled=false, handlesAlerts=true, hasTouchScreen=false, version=68.0.3440.106, platform=LINUX, browserConnectionEnabled=false, nativeEvents=true, acceptSslCerts=false, acceptInsecureCerts=false, locationContextEnabled=true, webStorageEnabled=true, browserName=chrome, takesScreenshot=true, javascriptEnabled=true, cssSelectorsEnabled=true, setWindowRect=true, unexpectedAlertBehaviour=}]
Session ID: 9be0530dec7647c19f6b58001195b059
*** Element info: {Using=xpath, value=.//*[@id='page']/div/div/div/div/div/div[2]/div[2]/div/div[2]/div[2]/div/div/div[2]/div[1]/div/div/div/div/div/div[1]/span/strong}
org.openqa.selenium.NoSuchElementException: no such element: Unable to locate element: {"method":"xpath","selector":".//*[@id='page']/div/div/div/div/div/div[2]/div[2]/div/div[2]/div[2]/div/div/div[2]/div[1]/div/div/div/div/div/div[1]/span/strong"}
  (Session info: headless chrome=68.0.3440.106)
  (Driver info: chromedriver=2.40.565383 (76257d1ab79276b2d53ee976b2c3e3b9f335cde7),platform=Linux 4.1.12-124.14.1.el7uek.x86_64 x86_64) (WARNING: The server did not provide any stacktrace information)
Command duration or timeout: 35 milliseconds
For documentation on this error, please visit: http://seleniumhq.org/exceptions/no_such_element.html
Build info: version: '3.3.1', revision: '5234b32', time: '2017-03-10 09:04:52 -0800'
System info: host: 'localhost.localdomain', ip: '127.0.0.1', os.name: 'Linux', os.arch: 'amd64', os.version: '4.1.12-124.14.1.el7uek.x86_64', java.version: '1.8.0_181'
Driver info: org.openqa.selenium.chrome.ChromeDriver
Capabilities [{applicationCacheEnabled=false, rotatable=false, mobileEmulationEnabled=false, networkConnectionEnabled=false, chrome={chromedriverVersion=2.40.565383 (76257d1ab79276b2d53ee976b2c3e3b9f335cde7), userDataDir=/tmp/.org.chromium.Chromium.zZALCC}, takesHeapSnapshot=true, pageLoadStrategy=normal, databaseEnabled=false, handlesAlerts=true, hasTouchScreen=false, version=68.0.3440.106, platform=LINUX, browserConnectionEnabled=false, nativeEvents=true, acceptSslCerts=false, acceptInsecureCerts=false, locationContextEnabled=true, webStorageEnabled=true, browserName=chrome, takesScreenshot=true, javascriptEnabled=true, cssSelectorsEnabled=true, setWindowRect=true, unexpectedAlertBehaviour=}]
Session ID: 9be0530dec7647c19f6b58001195b059
*** Element info: {Using=xpath, value=.//*[@id='page']/div/div/div/div/div/div[2]/div[2]/div/div[2]/div[2]/div/div/div[2]/div[1]/div/div/div/div/div/div[1]/span/strong}
	at sun.reflect.NativeConstructorAccessorImpl.newInstance0(Native Method)
	at sun.reflect.NativeConstructorAccessorImpl.newInstance(NativeConstructorAccessorImpl.java:62)
	at sun.reflect.DelegatingConstructorAccessorImpl.newInstance(DelegatingConstructorAccessorImpl.java:45)
	at java.lang.reflect.Constructor.newInstance(Constructor.java:423)
	at org.openqa.selenium.remote.ErrorHandler.createThrowable(ErrorHandler.java:216)
	at org.openqa.selenium.remote.ErrorHandler.throwIfResponseFailed(ErrorHandler.java:168)
	at org.openqa.selenium.remote.RemoteWebDriver.execute(RemoteWebDriver.java:638)
	at org.openqa.selenium.remote.RemoteWebDriver.findElement(RemoteWebDriver.java:371)
	at org.openqa.selenium.remote.RemoteWebDriver.findElementByXPath(RemoteWebDriver.java:476)
	at org.openqa.selenium.By$ByXPath.findElement(By.java:361)
	at org.openqa.selenium.remote.RemoteWebDriver.findElement(RemoteWebDriver.java:363)
	at UITestCases.admin.AddApplicationandFlow.test(AddApplicationandFlow.java:139)
	at sun.reflect.NativeMethodAccessorImpl.invoke0(Native Method)
	at sun.reflect.NativeMethodAccessorImpl.invoke(NativeMethodAccessorImpl.java:62)
	at sun.reflect.DelegatingMethodAccessorImpl.invoke(DelegatingMethodAccessorImpl.java:43)
	at java.lang.reflect.Method.invoke(Method.java:498)
	at org.junit.runners.model.FrameworkMethod$1.runReflectiveCall(FrameworkMethod.java:47)
	at org.junit.internal.runners.model.ReflectiveCallable.run(ReflectiveCallable.java:12)
	at org.junit.runners.model.FrameworkMethod.invokeExplosively(FrameworkMethod.java:44)
	at org.junit.internal.runners.statements.InvokeMethod.evaluate(InvokeMethod.java:17)
	at org.junit.internal.runners.statements.RunBefores.evaluate(RunBefores.java:26)
	at org.junit.runners.ParentRunner.runLeaf(ParentRunner.java:271)
	at org.junit.runners.BlockJUnit4ClassRunner.runChild(BlockJUnit4ClassRunner.java:70)
	at org.junit.runners.BlockJUnit4ClassRunner.runChild(BlockJUnit4ClassRunner.java:50)
	at org.junit.runners.ParentRunner$3.run(ParentRunner.java:238)
	at org.junit.runners.ParentRunner$1.schedule(ParentRunner.java:63)
	at org.junit.runners.ParentRunner.runChildren(ParentRunner.java:236)
	at org.junit.runners.ParentRunner.access$000(ParentRunner.java:53)
	at org.junit.runners.ParentRunner$2.evaluate(ParentRunner.java:229)
	at org.junit.internal.runners.statements.RunBefores.evaluate(RunBefores.java:26)
	at org.junit.runners.ParentRunner.run(ParentRunner.java:309)
	at junit.framework.JUnit4TestAdapter.run(JUnit4TestAdapter.java:38)
	at org.apache.tools.ant.taskdefs.optional.junit.JUnitTestRunner.run(JUnitTestRunner.java:523)
	at org.apache.tools.ant.taskdefs.optional.junit.JUnitTestRunner.launch(JUnitTestRunner.java:1063)
	at org.apache.tools.ant.taskdefs.optional.junit.JUnitTestRunner.main(JUnitTestRunner.java:914)
]]></system-out>
  <system-err><![CDATA[Starting ChromeDriver 2.40.565383 (76257d1ab79276b2d53ee976b2c3e3b9f335cde7) on port 6392
Only local connections are allowed.
Aug 16, 2018 9:07:48 AM org.openqa.selenium.remote.ProtocolHandshake createSession
INFO: Detected dialect: OSS
java.io.FileNotFoundException: /home/vagrant/omstk/terraform/keys/oci_api_key2.pem (No such file or directory)
	at java.io.FileInputStream.open0(Native Method)
	at java.io.FileInputStream.open(FileInputStream.java:195)
	at java.io.FileInputStream.<init>(FileInputStream.java:138)
	at UITestCases.admin.AddApplicationandFlow.test(AddApplicationandFlow.java:82)
	at sun.reflect.NativeMethodAccessorImpl.invoke0(Native Method)
	at sun.reflect.NativeMethodAccessorImpl.invoke(NativeMethodAccessorImpl.java:62)
	at sun.reflect.DelegatingMethodAccessorImpl.invoke(DelegatingMethodAccessorImpl.java:43)
	at java.lang.reflect.Method.invoke(Method.java:498)
	at org.junit.runners.model.FrameworkMethod$1.runReflectiveCall(FrameworkMethod.java:47)
	at org.junit.internal.runners.model.ReflectiveCallable.run(ReflectiveCallable.java:12)
	at org.junit.runners.model.FrameworkMethod.invokeExplosively(FrameworkMethod.java:44)
	at org.junit.internal.runners.statements.InvokeMethod.evaluate(InvokeMethod.java:17)
	at org.junit.internal.runners.statements.RunBefores.evaluate(RunBefores.java:26)
	at org.junit.runners.ParentRunner.runLeaf(ParentRunner.java:271)
	at org.junit.runners.BlockJUnit4ClassRunner.runChild(BlockJUnit4ClassRunner.java:70)
	at org.junit.runners.BlockJUnit4ClassRunner.runChild(BlockJUnit4ClassRunner.java:50)
	at org.junit.runners.ParentRunner$3.run(ParentRunner.java:238)
	at org.junit.runners.ParentRunner$1.schedule(ParentRunner.java:63)
	at org.junit.runners.ParentRunner.runChildren(ParentRunner.java:236)
	at org.junit.runners.ParentRunner.access$000(ParentRunner.java:53)
	at org.junit.runners.ParentRunner$2.evaluate(ParentRunner.java:229)
	at org.junit.internal.runners.statements.RunBefores.evaluate(RunBefores.java:26)
	at org.junit.runners.ParentRunner.run(ParentRunner.java:309)
	at junit.framework.JUnit4TestAdapter.run(JUnit4TestAdapter.java:38)
	at org.apache.tools.ant.taskdefs.optional.junit.JUnitTestRunner.run(JUnitTestRunner.java:523)
	at org.apache.tools.ant.taskdefs.optional.junit.JUnitTestRunner.launch(JUnitTestRunner.java:1063)
	at org.apache.tools.ant.taskdefs.optional.junit.JUnitTestRunner.main(JUnitTestRunner.java:914)
]]></system-err>
</testsuite>
